#
# A fatal error has been detected by the Java Runtime Environment:
#
#  SIGSEGV (0xb) at pc=0x00007fff8d2160dd, pid=36733, tid=1811
#
# JRE version: Java(TM) SE Runtime Environment (7.0_65-b17) (build 1.7.0_65-b17)
# Java VM: Java HotSpot(TM) 64-Bit Server VM (24.65-b04 mixed mode bsd-amd64 compressed oops)
# Problematic frame:
# C  [libobjc.A.dylib+0x10dd]  objc_msgSend+0x1d
#
# Failed to write core dump. Core dumps have been disabled. To enable core dumping, try "ulimit -c unlimited" before starting Java again
#
# If you would like to submit a bug report, please visit:
#   http://bugreport.sun.com/bugreport/crash.jsp
# The crash happened outside the Java Virtual Machine in native code.
# See problematic frame for where to report the bug.
#

---------------  T H R E A D  ---------------

Current thread (0x00007fb6f2801000):  JavaThread "AppKit Thread" daemon [_thread_in_native, id=1811, stack(0x00007fff59060000,0x00007fff590e0000)]

siginfo:si_signo=SIGSEGV: si_errno=0, si_code=1 (SEGV_MAPERR), si_addr=0x000007fb6f161c00

Registers:
RAX=0x00007fb6f161b850, RBX=0x00007fff590db9f8, RCX=0x0000000000000000, RDX=0x00007fb6f1528a70
RSP=0x00007fff590db818, RBP=0x00007fff590db820, RSI=0x00007fff8c01d41e, RDI=0x00007fb6f161b850
R8 =0x00007fff590db800, R9 =0x0000000000000055, R10=0x00007fff8c01d41e, R11=0x000007fb6f161be8
R12=0x00007fb6f1622af0, R13=0x00000000000f42ef, R14=0x00007fb6f1799d40, R15=0x00007fff590db958
RIP=0x00007fff8d2160dd, EFLAGS=0x0000000000010206, ERR=0x0000000000000004
  TRAPNO=0x000000000000000e

Top of Stack: (sp=0x00007fff590db818)
0x00007fff590db818:   00007fff8ffa845c 00007fff590dbb80
0x00007fff590db828:   00007fff8fe98634 00007fff590db8ac
0x00007fff590db838:   00007fff590db8b0 00007fff590db8b4
0x00007fff590db848:   00007fff73eaee00 ffffffffffffffff
0x00007fff590db858:   00000000000007f8 00007fff73eaee18
0x00007fff590db868:   00007fb6f1799d40 0000000000000000
0x00007fff590db878:   00007fff590db950 0000000000000000
0x00007fff590db888:   00007fb6f176f7c0 00007fff590db9d0
0x00007fff590db898:   0000000000000055 00000000000f42f1
0x00007fff590db8a8:   00007fb6f1528a70 00007fb6f172a830
0x00007fff590db8b8:   00007fb6f1622af0 0000000000000001
0x00007fff590db8c8:   00000000000f42ef 00007fb6f1622ae0
0x00007fff590db8d8:   00007fff8845dc05 00000001f176f8e0
0x00007fff590db8e8:   00007fff751be0d0 0000000042000000
0x00007fff590db8f8:   00007fff88464e63 00007fff73e79240
0x00007fff590db908:   00007fff590db9d8 00007fff590db930
0x00007fff590db918:   00007fff590db950 0000000000000000
0x00007fff590db928:   0000000000000005 0002260300000001
0x00007fff590db938:   00007fb6f1622b14 0000000000000000
0x00007fff590db948:   0000000000000000 00007fb6f1776f00
0x00007fff590db958:   00007fb6f1799d40 0000002000000000
0x00007fff590db968:   0000000000000000 00007fff751be0d0
0x00007fff590db978:   0000000042000000 00007fff884644f8
0x00007fff590db988:   00007fff73e79350 00007fff590db8e8
0x00007fff590db998:   0000000000000000 00007fff590dba68
0x00007fff590db9a8:   00007fff744e0ea0 00007fff590dbaa0
0x00007fff590db9b8:   00007fff8d7c1770 00007fff590dba50
0x00007fff590db9c8:   00007fff8b7514ed 0000000000000051
0x00007fff590db9d8:   0000000000000000 00000000000f42e2
0x00007fff590db9e8:   0000000000000053 0000000000000000
0x00007fff590db9f8:   00000000000f42ef 00007fff590dba74
0x00007fff590dba08:   00000000003c8601 00000000ffffffff 

Instructions: (pc=0x00007fff8d2160dd)
0x00007fff8d2160bd:   00 00 00 48 85 ff 2e 74 7a 40 f6 c7 01 2e 75 7e
0x00007fff8d2160cd:   49 bb f8 ff ff ff ff 7f 00 00 4c 23 1f 49 89 f2
0x00007fff8d2160dd:   45 23 53 18 49 c1 e2 04 4d 03 53 10 49 3b 32 75
0x00007fff8d2160ed:   04 41 ff 62 08 49 83 3a 00 74 6a 4d 3b 53 10 74 

Register to memory mapping:

RAX=0x00007fb6f161b850 is an unknown value
RBX=0x00007fff590db9f8 is pointing into the stack for thread: 0x00007fb6f2801000
RCX=0x0000000000000000 is an unknown value
RDX=0x00007fb6f1528a70 is an unknown value
RSP=0x00007fff590db818 is pointing into the stack for thread: 0x00007fb6f2801000
RBP=0x00007fff590db820 is pointing into the stack for thread: 0x00007fb6f2801000
RSI=0x00007fff8c01d41e: -[NSTitlebarContainerView transparent]+0x5e312 in /System/Library/Frameworks/AppKit.framework/Versions/C/AppKit at 0x00007fff8b61c000
RDI=0x00007fb6f161b850 is an unknown value
R8 =0x00007fff590db800 is pointing into the stack for thread: 0x00007fb6f2801000
R9 =0x0000000000000055 is an unknown value
R10=0x00007fff8c01d41e: -[NSTitlebarContainerView transparent]+0x5e312 in /System/Library/Frameworks/AppKit.framework/Versions/C/AppKit at 0x00007fff8b61c000
R11=0x000007fb6f161be8 is an unknown value
R12=0x00007fb6f1622af0 is an unknown value
R13=0x00000000000f42ef is an unknown value
R14=0x00007fb6f1799d40 is an unknown value
R15=0x00007fff590db958 is pointing into the stack for thread: 0x00007fb6f2801000


Stack: [0x00007fff59060000,0x00007fff590e0000],  sp=0x00007fff590db818,  free space=494k
Native frames: (J=compiled Java code, j=interpreted, Vv=VM code, C=native code)
C  [libobjc.A.dylib+0x10dd]  objc_msgSend+0x1d
C  [CoreFoundation+0x10634]  _CFXNotificationPost+0xc44
C  [Foundation+0x7aa1]  -[NSNotificationCenter postNotificationName:object:userInfo:]+0x42
C  [AppKit+0x439c2]  -[NSSurface _disposeSurface]+0x98
C  [AppKit+0x43426]  -[NSSurface setWindow:]+0x42
C  [AppKit+0x33910]  -[NSView _setWindow:]+0xa33
C  [AppKit+0x6af91]  -[NSView removeFromSuperview]+0x1c5
C  [AppKit+0x14bd99]  -[NSView removeFromSuperviewWithoutNeedingDisplay]+0x26
C  [liblwjgl.dylib+0xa205]  +[MacOSXKeyableWindow destroyWindow]+0xb5
C  [Foundation+0x92dd0]  __NSThreadPerformPerform+0x125
C  [CoreFoundation+0x80a01]  __CFRUNLOOP_IS_CALLING_OUT_TO_A_SOURCE0_PERFORM_FUNCTION__+0x11
C  [CoreFoundation+0x72b8d]  __CFRunLoopDoSources0+0x10d
C  [CoreFoundation+0x721bf]  __CFRunLoopRun+0x39f
C  [CoreFoundation+0x71bd8]  CFRunLoopRunSpecific+0x128
C  [HIToolbox+0x3256f]  RunCurrentEventLoopInMode+0xeb
C  [HIToolbox+0x322ea]  ReceiveNextEventCommon+0x1af
C  [HIToolbox+0x3212b]  _BlockUntilNextEventMatchingListInModeWithFilter+0x47
C  [AppKit+0x918ab]  _DPSNextEvent+0x3d2
C  [AppKit+0x90e58]  -[NSApplication nextEventMatchingMask:untilDate:inMode:dequeue:]+0x15a
C  [libosxapp.dylib+0x24e3]  -[NSApplicationAWT nextEventMatchingMask:untilDate:inMode:dequeue:]+0x7c
C  [AppKit+0x86af3]  -[NSApplication run]+0x252
C  [libosxapp.dylib+0x2346]  +[NSApplicationAWT runAWTLoopWithApp:]+0x9c
C  [liblwawt.dylib+0xd889]  -[AWTStarter starter:]+0x369
C  [Foundation+0x92dd0]  __NSThreadPerformPerform+0x125
C  [CoreFoundation+0x80a01]  __CFRUNLOOP_IS_CALLING_OUT_TO_A_SOURCE0_PERFORM_FUNCTION__+0x11
C  [CoreFoundation+0x72b8d]  __CFRunLoopDoSources0+0x10d
C  [CoreFoundation+0x721bf]  __CFRunLoopRun+0x39f
C  [CoreFoundation+0x71bd8]  CFRunLoopRunSpecific+0x128
C  [java+0x73b0]  CreateExecutionEnvironment+0x367
C  [java+0x1b5c]  JLI_Launch+0x7a0
C  [java+0x770d]  main+0x65
C  [java+0x13b4]  start+0x34


---------------  P R O C E S S  ---------------

Java Threads: ( => current thread )
  0x00007fb6f3112000 JavaThread "AWT-Shutdown" [_thread_blocked, id=27931, stack(0x0000000118c1e000,0x0000000118d1e000)]
=>0x00007fb6f2801000 JavaThread "AppKit Thread" daemon [_thread_in_native, id=1811, stack(0x00007fff59060000,0x00007fff590e0000)]
  0x00007fb6f1829000 JavaThread "Service Thread" daemon [_thread_blocked, id=17667, stack(0x0000000113481000,0x0000000113581000)]
  0x00007fb6f1828000 JavaThread "C2 CompilerThread1" daemon [_thread_blocked, id=17155, stack(0x000000011337e000,0x000000011347e000)]
  0x00007fb6f202d000 JavaThread "C2 CompilerThread0" daemon [_thread_blocked, id=16643, stack(0x000000011327b000,0x000000011337b000)]
  0x00007fb6f181a000 JavaThread "Signal Dispatcher" daemon [_thread_blocked, id=13335, stack(0x0000000113178000,0x0000000113278000)]
  0x00007fb6f3013000 JavaThread "Finalizer" daemon [_thread_blocked, id=11523, stack(0x000000011176b000,0x000000011186b000)]
  0x00007fb6f3012000 JavaThread "Reference Handler" daemon [_thread_blocked, id=11011, stack(0x0000000111668000,0x0000000111768000)]
  0x00007fb6f2009800 JavaThread "main" [_thread_in_native, id=3331, stack(0x000000010767e000,0x000000010777e000)]

Other Threads:
  0x00007fb6f300f800 VMThread [stack: 0x0000000111565000,0x0000000111665000] [id=10499]
  0x00007fb6f1819000 WatcherThread [stack: 0x0000000113584000,0x0000000113684000] [id=18179]

VM state:not at safepoint (normal execution)

VM Mutex/Monitor currently owned by a thread: None

Heap
 PSYoungGen      total 38912K, used 12391K [0x00000007d5500000, 0x00000007d8000000, 0x0000000800000000)
  eden space 33792K, 36% used [0x00000007d5500000,0x00000007d6119e98,0x00000007d7600000)
  from space 5120K, 0% used [0x00000007d7b00000,0x00000007d7b00000,0x00000007d8000000)
  to   space 5120K, 0% used [0x00000007d7600000,0x00000007d7600000,0x00000007d7b00000)
 ParOldGen       total 87040K, used 0K [0x0000000780000000, 0x0000000785500000, 0x00000007d5500000)
  object space 87040K, 0% used [0x0000000780000000,0x0000000780000000,0x0000000785500000)
 PSPermGen       total 21504K, used 6441K [0x000000077ae00000, 0x000000077c300000, 0x0000000780000000)
  object space 21504K, 29% used [0x000000077ae00000,0x000000077b44a430,0x000000077c300000)

Card table byte_map: [0x000000010b0c0000,0x000000010b4ea000] byte_map_base: 0x00000001074e9000

Polling page: 0x00000001077bd000

Code Cache  [0x0000000108000000, 0x0000000108270000, 0x000000010b000000)
 total_blobs=406 nmethods=65 adapters=295 free_code_cache=48596Kb largest_free_block=49737920

Compilation events (10 events):
Event: 3.442 Thread 0x00007fb6f202d000 nmethod 59 0x0000000108080f50 code [0x00000001080810a0, 0x00000001080811e8]
Event: 3.443 Thread 0x00007fb6f1828000 nmethod 60 0x0000000108080b50 code [0x0000000108080ca0, 0x0000000108080dc8]
Event: 4.033 Thread 0x00007fb6f202d000   62             java.lang.String::<init> (67 bytes)
Event: 4.035 Thread 0x00007fb6f202d000 nmethod 62 0x000000010808bbd0 code [0x000000010808bd20, 0x000000010808bfb8]
Event: 5.670 Thread 0x00007fb6f1828000   63             java.nio.Buffer::checkIndex (22 bytes)
Event: 5.671 Thread 0x00007fb6f1828000 nmethod 63 0x000000010808e010 code [0x000000010808e140, 0x000000010808e1b8]
Event: 6.393 Thread 0x00007fb6f202d000   64             java.nio.Buffer::position (5 bytes)
Event: 6.393 Thread 0x00007fb6f202d000 nmethod 64 0x000000010808c150 code [0x000000010808c280, 0x000000010808c2d8]
Event: 7.086 Thread 0x00007fb6f1828000   65             sun.misc.FloatingDecimal::countBits (80 bytes)
Event: 7.088 Thread 0x00007fb6f1828000 nmethod 65 0x0000000108080850 code [0x0000000108080980, 0x0000000108080a78]

GC Heap History (0 events):
No events

Deoptimization events (5 events):
Event: 0.868 Thread 0x00007fb6f2009800 Uncommon trap: reason=unloaded action=reinterpret pc=0x000000010807c8c8 method=java.io.BufferedReader.readLine(Z)Ljava/lang/String; @ 268
Event: 1.220 Thread 0x00007fb6f2009800 Uncommon trap: reason=class_check action=maybe_recompile pc=0x0000000108086cf8 method=java.util.HashMap.put(Ljava/lang/Object;Ljava/lang/Object;)Ljava/lang/Object; @ 137
Event: 1.222 Thread 0x00007fb6f2009800 Uncommon trap: reason=class_check action=maybe_recompile pc=0x0000000108086cf8 method=java.util.HashMap.put(Ljava/lang/Object;Ljava/lang/Object;)Ljava/lang/Object; @ 137
Event: 1.222 Thread 0x00007fb6f2009800 Uncommon trap: reason=class_check action=maybe_recompile pc=0x0000000108086cf8 method=java.util.HashMap.put(Ljava/lang/Object;Ljava/lang/Object;)Ljava/lang/Object; @ 137
Event: 1.222 Thread 0x00007fb6f2009800 Uncommon trap: reason=class_check action=maybe_recompile pc=0x0000000108086cf8 method=java.util.HashMap.put(Ljava/lang/Object;Ljava/lang/Object;)Ljava/lang/Object; @ 137

Internal exceptions (10 events):
Event: 1.223 Thread 0x00007fb6f2009800 Threw 0x00000007d5f804a0 at /HUDSON/workspace/7u-2-build-macosx-x86_64/jdk7u65/1224/hotspot/src/share/vm/prims/jvm.cpp:1244
Event: 1.224 Thread 0x00007fb6f2009800 Threw 0x00000007d5f881d0 at /HUDSON/workspace/7u-2-build-macosx-x86_64/jdk7u65/1224/hotspot/src/share/vm/prims/jvm.cpp:1244
Event: 1.225 Thread 0x00007fb6f2009800 Threw 0x00000007d5f8c060 at /HUDSON/workspace/7u-2-build-macosx-x86_64/jdk7u65/1224/hotspot/src/share/vm/prims/jvm.cpp:1244
Event: 1.225 Thread 0x00007fb6f2009800 Threw 0x00000007d5f96848 at /HUDSON/workspace/7u-2-build-macosx-x86_64/jdk7u65/1224/hotspot/src/share/vm/prims/jvm.cpp:1244
Event: 1.226 Thread 0x00007fb6f2009800 Threw 0x00000007d5f9b088 at /HUDSON/workspace/7u-2-build-macosx-x86_64/jdk7u65/1224/hotspot/src/share/vm/prims/jvm.cpp:1244
Event: 1.226 Thread 0x00007fb6f2009800 Threw 0x00000007d5f9f578 at /HUDSON/workspace/7u-2-build-macosx-x86_64/jdk7u65/1224/hotspot/src/share/vm/prims/jvm.cpp:1244
Event: 1.227 Thread 0x00007fb6f2009800 Threw 0x00000007d5fa39b0 at /HUDSON/workspace/7u-2-build-macosx-x86_64/jdk7u65/1224/hotspot/src/share/vm/prims/jvm.cpp:1244
Event: 1.227 Thread 0x00007fb6f2009800 Threw 0x00000007d5fa75d0 at /HUDSON/workspace/7u-2-build-macosx-x86_64/jdk7u65/1224/hotspot/src/share/vm/prims/jvm.cpp:1244
Event: 1.228 Thread 0x00007fb6f2009800 Threw 0x00000007d5fabc88 at /HUDSON/workspace/7u-2-build-macosx-x86_64/jdk7u65/1224/hotspot/src/share/vm/prims/jvm.cpp:1244
Event: 7.152 Thread 0x00007fb6f2009800 Threw 0x00000007d605fde0 at /HUDSON/workspace/7u-2-build-macosx-x86_64/jdk7u65/1224/hotspot/src/share/vm/prims/jvm.cpp:1244

Events (10 events):
Event: 6.514 loading class 0x00007fb6f185c050
Event: 6.514 loading class 0x00007fb6f185c050 done
Event: 6.514 loading class 0x00007fb6f185c120
Event: 6.514 loading class 0x00007fb6f185c190
Event: 6.514 loading class 0x00007fb6f185c190 done
Event: 6.514 loading class 0x00007fb6f185c120 done
Event: 6.514 Thread 0x00007fb6f308b800 Thread exited: 0x00007fb6f308b800
Event: 6.886 Thread 0x00007fb6f3112000 Thread added: 0x00007fb6f3112000
Event: 7.152 loading class 0x00007fb6f161a860
Event: 7.152 loading class 0x00007fb6f161a860 done


Dynamic libraries:
0x00000000034de000 	/System/Library/Frameworks/Cocoa.framework/Versions/A/Cocoa
0x00000000034de000 	/System/Library/Frameworks/Security.framework/Versions/A/Security
0x00000000034de000 	/System/Library/Frameworks/ApplicationServices.framework/Versions/A/ApplicationServices
0x00000000034de000 	/usr/lib/libz.1.dylib
0x00000000034de000 	/usr/lib/libSystem.B.dylib
0x00000000034de000 	/usr/lib/libobjc.A.dylib
0x00000000034de000 	/System/Library/Frameworks/CoreFoundation.framework/Versions/A/CoreFoundation
0x00000000034de000 	/System/Library/Frameworks/Foundation.framework/Versions/C/Foundation
0x00000000034de000 	/System/Library/Frameworks/AppKit.framework/Versions/C/AppKit
0x00000000034de000 	/System/Library/Frameworks/CoreData.framework/Versions/A/CoreData
0x00000000034de000 	/System/Library/PrivateFrameworks/RemoteViewServices.framework/Versions/A/RemoteViewServices
0x00000000034de000 	/System/Library/PrivateFrameworks/UIFoundation.framework/Versions/A/UIFoundation
0x00000000034de000 	/System/Library/Frameworks/IOSurface.framework/Versions/A/IOSurface
0x00000000034de000 	/System/Library/Frameworks/AudioToolbox.framework/Versions/A/AudioToolbox
0x00000000034de000 	/System/Library/Frameworks/AudioUnit.framework/Versions/A/AudioUnit
0x00000000034de000 	/System/Library/PrivateFrameworks/DataDetectorsCore.framework/Versions/A/DataDetectorsCore
0x00000000034de000 	/System/Library/PrivateFrameworks/DesktopServicesPriv.framework/Versions/A/DesktopServicesPriv
0x00000000034de000 	/System/Library/Frameworks/Carbon.framework/Versions/A/Frameworks/HIToolbox.framework/Versions/A/HIToolbox
0x00000000034de000 	/System/Library/Frameworks/QuartzCore.framework/Versions/A/QuartzCore
0x00000000034de000 	/System/Library/Frameworks/Carbon.framework/Versions/A/Frameworks/SpeechRecognition.framework/Versions/A/SpeechRecognition
0x00000000034de000 	/usr/lib/libauto.dylib
0x00000000034de000 	/usr/lib/libicucore.A.dylib
0x00000000034de000 	/usr/lib/libxml2.2.dylib
0x00000000034de000 	/System/Library/PrivateFrameworks/CoreUI.framework/Versions/A/CoreUI
0x00000000034de000 	/System/Library/Frameworks/CoreAudio.framework/Versions/A/CoreAudio
0x00000000034de000 	/System/Library/Frameworks/DiskArbitration.framework/Versions/A/DiskArbitration
0x00000000034de000 	/usr/lib/liblangid.dylib
0x00000000034de000 	/System/Library/PrivateFrameworks/MultitouchSupport.framework/Versions/A/MultitouchSupport
0x00000000034de000 	/System/Library/Frameworks/IOKit.framework/Versions/A/IOKit
0x00000000034de000 	/usr/lib/libDiagnosticMessagesClient.dylib
0x00000000034de000 	/System/Library/Frameworks/CoreServices.framework/Versions/A/CoreServices
0x00000000034de000 	/System/Library/PrivateFrameworks/PerformanceAnalysis.framework/Versions/A/PerformanceAnalysis
0x00000000034de000 	/System/Library/PrivateFrameworks/GenerationalStorage.framework/Versions/A/GenerationalStorage
0x00000000034de000 	/System/Library/Frameworks/OpenGL.framework/Versions/A/OpenGL
0x00000000034de000 	/System/Library/PrivateFrameworks/Sharing.framework/Versions/A/Sharing
0x00000000034de000 	/System/Library/Frameworks/CoreGraphics.framework/Versions/A/CoreGraphics
0x00000000034de000 	/System/Library/Frameworks/CoreText.framework/Versions/A/CoreText
0x00000000034de000 	/System/Library/Frameworks/ImageIO.framework/Versions/A/ImageIO
0x00000000034de000 	/usr/lib/libextension.dylib
0x00000000034de000 	/System/Library/PrivateFrameworks/Backup.framework/Versions/A/Backup
0x00000000034de000 	/usr/lib/libarchive.2.dylib
0x00000000034de000 	/System/Library/Frameworks/CFNetwork.framework/Versions/A/CFNetwork
0x00000000034de000 	/System/Library/Frameworks/SystemConfiguration.framework/Versions/A/SystemConfiguration
0x00000000034de000 	/usr/lib/libCRFSuite.dylib
0x00000000034de000 	/usr/lib/libc++.1.dylib
0x00000000034de000 	/usr/lib/libc++abi.dylib
0x00000000034de000 	/usr/lib/system/libcache.dylib
0x00000000034de000 	/usr/lib/system/libcommonCrypto.dylib
0x00000000034de000 	/usr/lib/system/libcompiler_rt.dylib
0x00000000034de000 	/usr/lib/system/libcopyfile.dylib
0x00000000034de000 	/usr/lib/system/libcorecrypto.dylib
0x00000000034de000 	/usr/lib/system/libdispatch.dylib
0x00000000034de000 	/usr/lib/system/libdyld.dylib
0x00000000034de000 	/usr/lib/system/libkeymgr.dylib
0x00000000034de000 	/usr/lib/system/liblaunch.dylib
0x00000000034de000 	/usr/lib/system/libmacho.dylib
0x00000000034de000 	/usr/lib/system/libquarantine.dylib
0x00000000034de000 	/usr/lib/system/libremovefile.dylib
0x00000000034de000 	/usr/lib/system/libsystem_asl.dylib
0x00000000034de000 	/usr/lib/system/libsystem_blocks.dylib
0x00000000034de000 	/usr/lib/system/libsystem_c.dylib
0x00000000034de000 	/usr/lib/system/libsystem_configuration.dylib
0x00000000034de000 	/usr/lib/system/libsystem_coreservices.dylib
0x00000000034de000 	/usr/lib/system/libsystem_coretls.dylib
0x00000000034de000 	/usr/lib/system/libsystem_dnssd.dylib
0x00000000034de000 	/usr/lib/system/libsystem_info.dylib
0x00000000034de000 	/usr/lib/system/libsystem_kernel.dylib
0x00000000034de000 	/usr/lib/system/libsystem_m.dylib
0x00000000034de000 	/usr/lib/system/libsystem_malloc.dylib
0x00000000034de000 	/usr/lib/system/libsystem_network.dylib
0x00000000034de000 	/usr/lib/system/libsystem_networkextension.dylib
0x00000000034de000 	/usr/lib/system/libsystem_notify.dylib
0x00000000034de000 	/usr/lib/system/libsystem_platform.dylib
0x00000000034de000 	/usr/lib/system/libsystem_pthread.dylib
0x00000000034de000 	/usr/lib/system/libsystem_sandbox.dylib
0x00000000034de000 	/usr/lib/system/libsystem_secinit.dylib
0x00000000034de000 	/usr/lib/system/libsystem_stats.dylib
0x00000000034de000 	/usr/lib/system/libsystem_trace.dylib
0x00000000034de000 	/usr/lib/system/libunc.dylib
0x00000000034de000 	/usr/lib/system/libunwind.dylib
0x00000000034de000 	/usr/lib/system/libxpc.dylib
0x00000000034de000 	/usr/lib/libbz2.1.0.dylib
0x00000000034de000 	/usr/lib/liblzma.5.dylib
0x00000000034de000 	/usr/lib/libbsm.0.dylib
0x00000000034de000 	/usr/lib/libsqlite3.dylib
0x00000000034de000 	/usr/lib/system/libkxld.dylib
0x00000000034de000 	/usr/lib/libxar.1.dylib
0x00000000034de000 	/usr/lib/libpam.2.dylib
0x00000000034de000 	/usr/lib/libOpenScriptingUtil.dylib
0x00000000034de000 	/System/Library/Frameworks/CoreServices.framework/Versions/A/Frameworks/FSEvents.framework/Versions/A/FSEvents
0x00000000034de000 	/System/Library/Frameworks/CoreServices.framework/Versions/A/Frameworks/CarbonCore.framework/Versions/A/CarbonCore
0x00000000034de000 	/System/Library/Frameworks/CoreServices.framework/Versions/A/Frameworks/Metadata.framework/Versions/A/Metadata
0x00000000034de000 	/System/Library/Frameworks/CoreServices.framework/Versions/A/Frameworks/OSServices.framework/Versions/A/OSServices
0x00000000034de000 	/System/Library/Frameworks/CoreServices.framework/Versions/A/Frameworks/SearchKit.framework/Versions/A/SearchKit
0x00000000034de000 	/System/Library/Frameworks/CoreServices.framework/Versions/A/Frameworks/AE.framework/Versions/A/AE
0x00000000034de000 	/System/Library/Frameworks/CoreServices.framework/Versions/A/Frameworks/LaunchServices.framework/Versions/A/LaunchServices
0x00000000034de000 	/System/Library/Frameworks/CoreServices.framework/Versions/A/Frameworks/DictionaryServices.framework/Versions/A/DictionaryServices
0x00000000034de000 	/System/Library/Frameworks/NetFS.framework/Versions/A/NetFS
0x00000000034de000 	/System/Library/PrivateFrameworks/NetAuth.framework/Versions/A/NetAuth
0x00000000034de000 	/System/Library/PrivateFrameworks/login.framework/Versions/A/Frameworks/loginsupport.framework/Versions/A/loginsupport
0x00000000034de000 	/System/Library/PrivateFrameworks/TCC.framework/Versions/A/TCC
0x00000000034de000 	/usr/lib/libmecabra.dylib
0x00000000034de000 	/System/Library/Frameworks/ApplicationServices.framework/Versions/A/Frameworks/ATS.framework/Versions/A/ATS
0x00000000034de000 	/System/Library/Frameworks/ApplicationServices.framework/Versions/A/Frameworks/ColorSync.framework/Versions/A/ColorSync
0x00000000034de000 	/System/Library/Frameworks/ApplicationServices.framework/Versions/A/Frameworks/HIServices.framework/Versions/A/HIServices
0x00000000034de000 	/System/Library/Frameworks/ApplicationServices.framework/Versions/A/Frameworks/LangAnalysis.framework/Versions/A/LangAnalysis
0x00000000034de000 	/System/Library/Frameworks/ApplicationServices.framework/Versions/A/Frameworks/PrintCore.framework/Versions/A/PrintCore
0x00000000034de000 	/System/Library/Frameworks/ApplicationServices.framework/Versions/A/Frameworks/QD.framework/Versions/A/QD
0x00000000034de000 	/System/Library/Frameworks/ApplicationServices.framework/Versions/A/Frameworks/SpeechSynthesis.framework/Versions/A/SpeechSynthesis
0x00000000034de000 	/System/Library/Frameworks/Accelerate.framework/Versions/A/Accelerate
0x00000000034de000 	/System/Library/Frameworks/Accelerate.framework/Versions/A/Frameworks/vImage.framework/Versions/A/vImage
0x00000000034de000 	/System/Library/Frameworks/Accelerate.framework/Versions/A/Frameworks/vecLib.framework/Versions/A/vecLib
0x00000000034de000 	/System/Library/Frameworks/Accelerate.framework/Versions/A/Frameworks/vecLib.framework/Versions/A/libvDSP.dylib
0x00000000034de000 	/System/Library/Frameworks/Accelerate.framework/Versions/A/Frameworks/vecLib.framework/Versions/A/libvMisc.dylib
0x00000000034de000 	/System/Library/Frameworks/Accelerate.framework/Versions/A/Frameworks/vecLib.framework/Versions/A/libLAPACK.dylib
0x00000000034de000 	/System/Library/Frameworks/Accelerate.framework/Versions/A/Frameworks/vecLib.framework/Versions/A/libBLAS.dylib
0x00000000034de000 	/System/Library/Frameworks/Accelerate.framework/Versions/A/Frameworks/vecLib.framework/Versions/A/libLinearAlgebra.dylib
0x00000000034de000 	/System/Library/Frameworks/ApplicationServices.framework/Versions/A/Frameworks/ATS.framework/Versions/A/Resources/libFontParser.dylib
0x00000000034de000 	/System/Library/Frameworks/ApplicationServices.framework/Versions/A/Frameworks/ATS.framework/Versions/A/Resources/libFontRegistry.dylib
0x00000000034de000 	/System/Library/PrivateFrameworks/AppleVPA.framework/Versions/A/AppleVPA
0x00000000034de000 	/System/Library/PrivateFrameworks/AppleJPEG.framework/Versions/A/AppleJPEG
0x00000000034de000 	/System/Library/Frameworks/ImageIO.framework/Versions/A/Resources/libJPEG.dylib
0x00000000034de000 	/System/Library/Frameworks/ImageIO.framework/Versions/A/Resources/libTIFF.dylib
0x00000000034de000 	/System/Library/Frameworks/ImageIO.framework/Versions/A/Resources/libPng.dylib
0x00000000034de000 	/System/Library/Frameworks/ImageIO.framework/Versions/A/Resources/libGIF.dylib
0x00000000034de000 	/System/Library/Frameworks/ImageIO.framework/Versions/A/Resources/libJP2.dylib
0x00000000034de000 	/System/Library/Frameworks/ImageIO.framework/Versions/A/Resources/libRadiance.dylib
0x00000000034de000 	/System/Library/Frameworks/CoreVideo.framework/Versions/A/CoreVideo
0x00000000034de000 	/System/Library/Frameworks/OpenGL.framework/Versions/A/Libraries/libGLU.dylib
0x00000000034de000 	/System/Library/Frameworks/OpenGL.framework/Versions/A/Libraries/libGFXShared.dylib
0x00000000034de000 	/System/Library/Frameworks/OpenGL.framework/Versions/A/Libraries/libGL.dylib
0x00000000034de000 	/System/Library/Frameworks/OpenGL.framework/Versions/A/Libraries/libGLImage.dylib
0x00000000034de000 	/System/Library/Frameworks/OpenGL.framework/Versions/A/Libraries/libCVMSPluginSupport.dylib
0x00000000034de000 	/System/Library/Frameworks/OpenGL.framework/Versions/A/Libraries/libCoreVMClient.dylib
0x00000000034de000 	/usr/lib/libcups.2.dylib
0x00000000034de000 	/System/Library/Frameworks/Kerberos.framework/Versions/A/Kerberos
0x00000000034de000 	/System/Library/Frameworks/GSS.framework/Versions/A/GSS
0x00000000034de000 	/usr/lib/libresolv.9.dylib
0x00000000034de000 	/usr/lib/libiconv.2.dylib
0x00000000034de000 	/System/Library/PrivateFrameworks/Heimdal.framework/Versions/A/Heimdal
0x00000000034de000 	/usr/lib/libheimdal-asn1.dylib
0x00000000034de000 	/System/Library/Frameworks/OpenDirectory.framework/Versions/A/OpenDirectory
0x00000000034de000 	/System/Library/PrivateFrameworks/CommonAuth.framework/Versions/A/CommonAuth
0x00000000034de000 	/System/Library/Frameworks/OpenDirectory.framework/Versions/A/Frameworks/CFOpenDirectory.framework/Versions/A/CFOpenDirectory
0x00000000034de000 	/System/Library/Frameworks/SecurityFoundation.framework/Versions/A/SecurityFoundation
0x00000000034de000 	/System/Library/PrivateFrameworks/LanguageModeling.framework/Versions/A/LanguageModeling
0x00000000034de000 	/usr/lib/libcmph.dylib
0x00000000034de000 	/System/Library/Frameworks/ServiceManagement.framework/Versions/A/ServiceManagement
0x00000000034de000 	/usr/lib/libxslt.1.dylib
0x00000000034de000 	/System/Library/Frameworks/Carbon.framework/Versions/A/Frameworks/Ink.framework/Versions/A/Ink
0x00000000034de000 	/System/Library/Frameworks/QuartzCore.framework/Versions/A/Frameworks/CoreImage.framework/Versions/A/CoreImage
0x00000000034de000 	/System/Library/PrivateFrameworks/CrashReporterSupport.framework/Versions/A/CrashReporterSupport
0x00000000034de000 	/System/Library/Frameworks/OpenCL.framework/Versions/A/OpenCL
0x00000000034de000 	/System/Library/PrivateFrameworks/FaceCore.framework/Versions/A/FaceCore
0x00000000034de000 	/System/Library/PrivateFrameworks/Ubiquity.framework/Versions/A/Ubiquity
0x00000000034de000 	/System/Library/PrivateFrameworks/IconServices.framework/Versions/A/IconServices
0x00000000034de000 	/System/Library/PrivateFrameworks/ChunkingLibrary.framework/Versions/A/ChunkingLibrary
0x00000000034de000 	/System/Library/PrivateFrameworks/Apple80211.framework/Versions/A/Apple80211
0x00000000034de000 	/System/Library/Frameworks/CoreWLAN.framework/Versions/A/CoreWLAN
0x00000000034de000 	/System/Library/Frameworks/IOBluetooth.framework/Versions/A/IOBluetooth
0x00000000034de000 	/System/Library/PrivateFrameworks/CoreWiFi.framework/Versions/A/CoreWiFi
0x00000000034de000 	/System/Library/Frameworks/CoreBluetooth.framework/Versions/A/CoreBluetooth
0x00000000034de000 	/System/Library/PrivateFrameworks/DebugSymbols.framework/Versions/A/DebugSymbols
0x00000000034de000 	/System/Library/PrivateFrameworks/CoreSymbolication.framework/Versions/A/CoreSymbolication
0x00000000034de000 	/System/Library/PrivateFrameworks/Symbolication.framework/Versions/A/Symbolication
0x00000000034de000 	/System/Library/PrivateFrameworks/SpeechRecognitionCore.framework/Versions/A/SpeechRecognitionCore
0x0000000106c1e000 	/Library/Java/JavaVirtualMachines/jdk1.7.0_65.jdk/Contents/Home/jre/lib/server/libjvm.dylib
0x00000000034de000 	/usr/lib/libstdc++.6.dylib
0x0000000107780000 	/Library/Java/JavaVirtualMachines/jdk1.7.0_65.jdk/Contents/Home/jre/lib/libverify.dylib
0x000000010778d000 	/Library/Java/JavaVirtualMachines/jdk1.7.0_65.jdk/Contents/Home/jre/lib/libjava.dylib
0x00000001077de000 	/Library/Java/JavaVirtualMachines/jdk1.7.0_65.jdk/Contents/Home/jre/lib/libzip.dylib
0x00000001077e8000 	/System/Library/Frameworks/JavaVM.framework/Frameworks/JavaRuntimeSupport.framework/JavaRuntimeSupport
0x000000011186d000 	/System/Library/Frameworks/JavaVM.framework/Versions/A/Frameworks/JavaNativeFoundation.framework/Versions/A/JavaNativeFoundation
0x0000000111882000 	/System/Library/Frameworks/JavaVM.framework/Versions/A/JavaVM
0x00000000034de000 	/System/Library/Frameworks/Carbon.framework/Versions/A/Carbon
0x000000011188f000 	/System/Library/PrivateFrameworks/JavaLaunching.framework/Versions/A/JavaLaunching
0x00000000034de000 	/System/Library/Frameworks/Carbon.framework/Versions/A/Frameworks/CommonPanels.framework/Versions/A/CommonPanels
0x00000000034de000 	/System/Library/Frameworks/Carbon.framework/Versions/A/Frameworks/Help.framework/Versions/A/Help
0x00000000034de000 	/System/Library/Frameworks/Carbon.framework/Versions/A/Frameworks/ImageCapture.framework/Versions/A/ImageCapture
0x00000000034de000 	/System/Library/Frameworks/Carbon.framework/Versions/A/Frameworks/OpenScripting.framework/Versions/A/OpenScripting
0x00000000034de000 	/System/Library/Frameworks/Carbon.framework/Versions/A/Frameworks/Print.framework/Versions/A/Print
0x00000000034de000 	/System/Library/Frameworks/Carbon.framework/Versions/A/Frameworks/SecurityHI.framework/Versions/A/SecurityHI
0x00000001136e1000 	/Library/Java/JavaVirtualMachines/jdk1.7.0_65.jdk/Contents/Home/jre/lib/libawt.dylib
0x0000000113790000 	/Library/Java/JavaVirtualMachines/jdk1.7.0_65.jdk/Contents/Home/jre/lib/./libmlib_image.dylib
0x000000011385c000 	/Library/Java/JavaVirtualMachines/jdk1.7.0_65.jdk/Contents/Home/jre/lib/lwawt/liblwawt.dylib
0x0000000113910000 	/Library/Java/JavaVirtualMachines/jdk1.7.0_65.jdk/Contents/Home/jre/lib/libosxapp.dylib
0x00000000034de000 	/System/Library/Frameworks/ExceptionHandling.framework/Versions/A/ExceptionHandling
0x00000000034de000 	/System/Library/PrivateFrameworks/CoreServicesInternal.framework/Versions/A/CoreServicesInternal
0x00000000034de000 	/System/Library/PrivateFrameworks/CloudDocs.framework/Versions/A/CloudDocs
0x00000000034de000 	/System/Library/PrivateFrameworks/CoreDuet.framework/Versions/A/CoreDuet
0x00000000034de000 	/System/Library/Frameworks/CloudKit.framework/Versions/A/CloudKit
0x00000000034de000 	/System/Library/PrivateFrameworks/ProtocolBuffer.framework/Versions/A/ProtocolBuffer
0x00000000034de000 	/System/Library/PrivateFrameworks/CoreDuetDaemonProtocol.framework/Versions/A/CoreDuetDaemonProtocol
0x00000000034de000 	/System/Library/PrivateFrameworks/CoreDuetDebugLogging.framework/Versions/A/CoreDuetDebugLogging
0x00000000034de000 	/System/Library/PrivateFrameworks/MMCS.framework/Versions/A/MMCS
0x00000000034de000 	/System/Library/Frameworks/CoreLocation.framework/Versions/A/CoreLocation
0x00000000034de000 	/System/Library/PrivateFrameworks/ProtectedCloudStorage.framework/Versions/A/ProtectedCloudStorage
0x00000000034de000 	/System/Library/PrivateFrameworks/GeoServices.framework/Versions/A/GeoServices
0x00000000034de000 	/System/Library/Frameworks/CoreGraphics.framework/Versions/A/Resources/libCGCMS.A.dylib
0x00000000034de000 	/System/Library/Frameworks/CoreGraphics.framework/Versions/A/Resources/libRIP.A.dylib
0x00000000034de000 	/System/Library/Frameworks/CoreGraphics.framework/Versions/A/Resources/libCGXType.A.dylib
0x00000000034de000 	/System/Library/Frameworks/OpenCL.framework/Versions/A/Libraries/libcldcpuengine.dylib
0x00000000034de000 	/System/Library/PrivateFrameworks/DiskImages.framework/Versions/A/DiskImages
0x00000000034de000 	/System/Library/Frameworks/DiscRecording.framework/Versions/A/DiscRecording
0x00000000034de000 	/usr/lib/libcsfde.dylib
0x00000000034de000 	/usr/lib/libcurl.4.dylib
0x00000000034de000 	/System/Library/PrivateFrameworks/MediaKit.framework/Versions/A/MediaKit
0x00000000034de000 	/usr/lib/libCoreStorage.dylib
0x00000000034de000 	/System/Library/PrivateFrameworks/EFILogin.framework/Versions/A/EFILogin
0x00000000034de000 	/usr/lib/libutil.dylib
0x00000000034de000 	/System/Library/PrivateFrameworks/FindMyDevice.framework/Versions/A/FindMyDevice
0x00000000034de000 	/System/Library/Frameworks/LDAP.framework/Versions/A/LDAP
0x00000000034de000 	/usr/lib/libsasl2.2.dylib
0x00000000034de000 	/System/Library/PrivateFrameworks/CoreDaemon.framework/Versions/B/CoreDaemon
0x00000000034de000 	/usr/lib/libcrypto.0.9.8.dylib
0x00000000034de000 	/System/Library/PrivateFrameworks/AppleSRP.framework/Versions/A/AppleSRP
0x00000000034de000 	/System/Library/PrivateFrameworks/TrustEvaluationAgent.framework/Versions/A/TrustEvaluationAgent
0x00000001167d2000 	cl_kernels
0x00000001167d4000 	/System/Library/Frameworks/OpenCL.framework/Versions/A/Libraries/ImageFormats/unorm8_bgra.dylib
0x00000001167c3000 	cl_kernels
0x00000000034de000 	/System/Library/PrivateFrameworks/FamilyControls.framework/Versions/A/FamilyControls
0x00000000034de000 	/System/Library/PrivateFrameworks/CommerceKit.framework/Versions/A/Frameworks/CommerceCore.framework/Versions/A/CommerceCore
0x00000000034de000 	/System/Library/PrivateFrameworks/SystemAdministration.framework/Versions/A/SystemAdministration
0x00000000034de000 	/System/Library/PrivateFrameworks/AppContainer.framework/Versions/A/AppContainer
0x00000000034de000 	/System/Library/PrivateFrameworks/SecCodeWrapper.framework/Versions/A/SecCodeWrapper
0x00000000034de000 	/System/Library/Frameworks/DirectoryService.framework/Versions/A/DirectoryService
0x00000000034de000 	/System/Library/PrivateFrameworks/LoginUIKit.framework/Versions/A/Frameworks/LoginUICore.framework/Versions/A/LoginUICore
0x00000000034de000 	/usr/lib/libodfde.dylib
0x0000000117997000 	/Library/Java/JavaVirtualMachines/jdk1.7.0_65.jdk/Contents/Home/jre/lib/libfontmanager.dylib
0x00000001179fe000 	/Users/Kevin/Mango-Rover/lwjgl-2.9.3/native/macosx/liblwjgl.dylib
0x0000000115d09000 	/Library/Java/JavaVirtualMachines/jdk1.7.0_65.jdk/Contents/Home/jre/lib/libjawt.dylib
0x0000000115d0c000 	/Library/Java/JavaVirtualMachines/jdk1.7.0_65.jdk/Contents/Home/jre/lib/libnio.dylib
0x0000000115d1b000 	/Library/Java/JavaVirtualMachines/jdk1.7.0_65.jdk/Contents/Home/jre/lib/./libnet.dylib
0x00000000034de000 	/System/Library/Frameworks/OpenGL.framework/Versions/A/Resources/GLEngine.bundle/GLEngine
0x00000000034de000 	/System/Library/Frameworks/OpenGL.framework/Versions/A/Libraries/libGLProgrammability.dylib
0x0000000117ac8000 	/System/Library/Extensions/AppleIntelHD4000GraphicsGLDriver.bundle/Contents/MacOS/AppleIntelHD4000GraphicsGLDriver
0x00000000034de000 	/System/Library/PrivateFrameworks/IOAccelerator.framework/Versions/A/IOAccelerator
0x00000000034de000 	/System/Library/PrivateFrameworks/GPUSupport.framework/Versions/A/Libraries/libGPUSupportMercury.dylib
0x00000000034de000 	/System/Library/Frameworks/OpenGL.framework/Versions/A/Resources/GLRendererFloat.bundle/GLRendererFloat
0x0000000118a17000 	/Users/Kevin/Mango-Rover/lwjgl-2.9.3/native/macosx/libjinput-osx.dylib
0x0000000118a1c000 	/System/Library/Extensions/IOHIDFamily.kext/Contents/PlugIns/IOHIDLib.plugin/Contents/MacOS/IOHIDLib

VM Arguments:
jvm_args: -Djava.library.path=/Users/Kevin/Mango-Rover/lwjgl-2.9.3/native/macosx -Dfile.encoding=UTF-8 
java_command: simulator.TeaSandwich
Launcher Type: SUN_STANDARD

Environment Variables:
PATH=/usr/bin:/bin:/usr/sbin:/sbin
SHELL=/bin/bash
DISPLAY=/private/tmp/com.apple.launchd.buQSAZy7Ef/org.macosforge.xquartz:0

Signal Handlers:
SIGSEGV: [libjvm.dylib+0x52b6c9], sa_mask[0]=0xfffefeff, sa_flags=0x00000043
SIGBUS: [libjvm.dylib+0x52b6c9], sa_mask[0]=0xfffefeff, sa_flags=0x00000042
SIGFPE: [libjvm.dylib+0x41deaa], sa_mask[0]=0xfffefeff, sa_flags=0x00000042
SIGPIPE: [libjvm.dylib+0x41deaa], sa_mask[0]=0xfffefeff, sa_flags=0x00000042
SIGXFSZ: [libjvm.dylib+0x41deaa], sa_mask[0]=0xfffefeff, sa_flags=0x00000042
SIGILL: [libjvm.dylib+0x41deaa], sa_mask[0]=0xfffefeff, sa_flags=0x00000042
SIGUSR1: SIG_DFL, sa_mask[0]=0x00000000, sa_flags=0x00000000
SIGUSR2: [libjvm.dylib+0x41d99c], sa_mask[0]=0x00000004, sa_flags=0x00000042
SIGHUP: [libjvm.dylib+0x41bc2d], sa_mask[0]=0xfffefeff, sa_flags=0x00000042
SIGINT: [libjvm.dylib+0x41bc2d], sa_mask[0]=0xfffefeff, sa_flags=0x00000042
SIGTERM: [libjvm.dylib+0x41bc2d], sa_mask[0]=0xfffefeff, sa_flags=0x00000042
SIGQUIT: [libjvm.dylib+0x41bc2d], sa_mask[0]=0xfffefeff, sa_flags=0x00000042


---------------  S Y S T E M  ---------------

OS:Bsduname:Darwin 14.5.0 Darwin Kernel Version 14.5.0: Wed Jul 29 02:26:53 PDT 2015; root:xnu-2782.40.9~1/RELEASE_X86_64 x86_64
rlimit: STACK 8192k, CORE 0k, NPROC 709, NOFILE 10240, AS infinity
load average:2.68 2.35 2.00

CPU:total 4 (2 cores per cpu, 2 threads per core) family 6 model 58 stepping 9, cmov, cx8, fxsr, mmx, sse, sse2, sse3, ssse3, sse4.1, sse4.2, popcnt, avx, aes, erms, ht, tsc, tscinvbit, tscinv

Memory: 4k page, physical 8388608k(2097152k free)

/proc/meminfo:


vm_info: Java HotSpot(TM) 64-Bit Server VM (24.65-b04) for bsd-amd64 JRE (1.7.0_65-b17), built on Jun 16 2014 20:31:25 by "java_re" with gcc 4.2.1 (Based on Apple Inc. build 5658) (LLVM build 2336.11.00)

time: Fri Oct  2 00:46:48 2015
elapsed time: 7 seconds

